[INFO ] 2020-07-16 22:43:36.277 [main] Log4jManager - Successfully Initiated Chrome Driver
[INFO ] 2020-07-16 22:43:36.281 [main] Log4jManager - 	**************************************************************************
[INFO ] 2020-07-16 22:43:36.281 [main] Log4jManager - Test Case: TestCase_001_CoSignIn on [CapitalOneSignInTest passed=0 failed=0 skipped=0] Started
[INFO ] 2020-07-16 22:43:36.282 [main] Log4jManager -   
[INFO ] 2020-07-16 22:43:37.660 [main] Log4jManager - user goes to Capital One Signin Page
[INFO ] 2020-07-16 22:43:38.121 [main] Log4jManager - Test Case: TestCase_001_CoSignIn on [CapitalOneSignInTest passed=0 failed=0 skipped=0] Failed
[INFO ] 2020-07-16 22:47:41.737 [main] Log4jManager - Successfully Initiated Chrome Driver
[INFO ] 2020-07-16 22:47:41.749 [main] Log4jManager - 	**************************************************************************
[INFO ] 2020-07-16 22:47:41.749 [main] Log4jManager - Test Case: TestCase_001_CoSignIn on [CapitalOneSignInTest passed=0 failed=0 skipped=0] Started
[INFO ] 2020-07-16 22:47:41.750 [main] Log4jManager -   
[INFO ] 2020-07-16 22:47:42.595 [main] Log4jManager - user goes to Capital One Signin Page
[INFO ] 2020-07-16 22:47:43.372 [main] Log4jManager - Test Case: TestCase_001_CoSignIn on [CapitalOneSignInTest passed=0 failed=0 skipped=0] Failed
[INFO ] 2020-07-17 20:19:06.554 [main] Log4jManager - Successfully Initiated Chrome Driver
[INFO ] 2020-07-17 20:19:06.556 [main] Log4jManager - 	**************************************************************************
[INFO ] 2020-07-17 20:19:06.557 [main] Log4jManager - Test Case: TestCase_001_CoSignIn on [CapitalOneSignInTest passed=0 failed=0 skipped=0] Started
[INFO ] 2020-07-17 20:19:06.557 [main] Log4jManager -   
[INFO ] 2020-07-17 20:19:07.704 [main] Log4jManager - user goes to Capital One Signin Page
[INFO ] 2020-07-17 20:19:08.433 [main] Log4jManager - Test Case: TestCase_001_CoSignIn on [CapitalOneSignInTest passed=0 failed=0 skipped=0] Failed
[INFO ] 2020-07-17 20:19:45.697 [main] Log4jManager - Successfully Initiated Chrome Driver in Docker Container
[INFO ] 2020-07-17 20:19:45.700 [main] Log4jManager - 	**************************************************************************
[INFO ] 2020-07-17 20:19:45.700 [main] Log4jManager - Test Case: TestCase_001_CoSignIn on [CapitalOneSignInTest passed=0 failed=0 skipped=0] Started
[INFO ] 2020-07-17 20:19:45.700 [main] Log4jManager -   
[INFO ] 2020-07-17 20:19:45.711 [main] Log4jManager - Test Case: TestCase_001_CoSignIn on [CapitalOneSignInTest passed=0 failed=0 skipped=0] Failed
[INFO ] 2020-07-17 20:19:45.718 [main] Log4jManager - Test Case: TestCase_001_CoSignIn on [CapitalOneSignInTest passed=0 failed=0 skipped=0] Failed
[INFO ] 2020-07-17 20:24:36.942 [main] Log4jManager - Successfully Initiated Chrome Driver in Docker Container
[INFO ] 2020-07-17 20:24:36.945 [main] Log4jManager - 	**************************************************************************
[INFO ] 2020-07-17 20:24:36.945 [main] Log4jManager - Test Case: TestCase_001_CoSignIn on [CapitalOneSignInTest passed=0 failed=0 skipped=0] Started
[INFO ] 2020-07-17 20:24:36.946 [main] Log4jManager -   
[INFO ] 2020-07-17 20:24:36.955 [main] Log4jManager - Test Case: TestCase_001_CoSignIn on [CapitalOneSignInTest passed=0 failed=0 skipped=0] Failed
[INFO ] 2020-07-17 20:24:36.962 [main] Log4jManager - Test Case: TestCase_001_CoSignIn on [CapitalOneSignInTest passed=0 failed=0 skipped=0] Failed
[INFO ] 2021-02-04 11:04:52.335 [main] Log4jManager - Successfully Initiated Chrome Driver
[INFO ] 2021-02-04 11:04:52.338 [main] Log4jManager - 	**************************************************************************
[INFO ] 2021-02-04 11:04:52.338 [main] Log4jManager - Test Case: TestCase_001_CoSignIn on [CapitalOneSignInTest passed=0 failed=0 skipped=0] Started
[INFO ] 2021-02-04 11:04:52.338 [main] Log4jManager -   
[INFO ] 2021-02-04 11:04:56.193 [main] Log4jManager - user goes to Capital One Signin Page
[INFO ] 2021-02-04 11:05:26.338 [main] Log4jManager - Test Case: TestCase_001_CoSignIn on [CapitalOneSignInTest passed=0 failed=0 skipped=0] Failed
[INFO ] 2021-02-04 11:27:01.110 [main] Log4jManager - Successfully Initiated Chrome Driver
[INFO ] 2021-02-04 11:27:01.113 [main] Log4jManager - 	**************************************************************************
[INFO ] 2021-02-04 11:27:01.113 [main] Log4jManager - Test Case: TestCase_001_CoSignIn on [CapitalOneSignInTest passed=0 failed=0 skipped=0] Started
[INFO ] 2021-02-04 11:27:01.113 [main] Log4jManager -   
[INFO ] 2021-02-04 11:27:04.056 [main] Log4jManager - user goes to Capital One Signin Page
[INFO ] 2021-02-04 11:27:34.122 [main] Log4jManager - Test Case: TestCase_001_CoSignIn on [CapitalOneSignInTest passed=0 failed=0 skipped=0] Failed
[INFO ] 2021-02-04 15:07:14.448 [main] Log4jManager - Successfully Initiated Chrome Driver
[INFO ] 2021-02-04 15:07:14.456 [main] Log4jManager - 	**************************************************************************
[INFO ] 2021-02-04 15:07:14.457 [main] Log4jManager - Test Case: TestCase_001_CoSignIn on [CapitalOneSignInTest passed=0 failed=0 skipped=0] Started
[INFO ] 2021-02-04 15:07:14.457 [main] Log4jManager -   
[INFO ] 2021-02-04 15:07:17.955 [main] Log4jManager - user goes to Capital One Signin Page
[INFO ] 2021-02-04 15:07:47.992 [main] Log4jManager - Test Case: TestCase_001_CoSignIn on [CapitalOneSignInTest passed=0 failed=0 skipped=0] Failed
[INFO ] 2022-10-11 11:50:45.789 [main] Log4jManager - Successfully Initiated Chrome Driver
[INFO ] 2022-10-11 11:50:45.798 [main] Log4jManager - 	**************************************************************************
[INFO ] 2022-10-11 11:50:45.799 [main] Log4jManager - Test Case: TestCase_001_CoSignIn on [CapitalOneSignInTest passed=0 failed=0 skipped=0] Started
[INFO ] 2022-10-11 11:50:45.799 [main] Log4jManager -   
[INFO ] 2022-10-11 11:50:48.852 [main] Log4jManager - user goes to Capital One Signin Page
[INFO ] 2022-10-11 11:50:51.585 [main] Log4jManager - user enter username and password and click SignIn button
[INFO ] 2022-10-11 11:50:51.587 [main] Log4jManager - Test Case: TestCase_001_CoSignIn on [CapitalOneSignInTest passed=0 failed=0 skipped=0] Passed
[INFO ] 2022-10-11 21:17:02.014 [main] Log4jManager - Successfully Initiated Chrome Driver
[INFO ] 2022-10-11 21:17:02.025 [main] Log4jManager - 	**************************************************************************
[INFO ] 2022-10-11 21:17:02.025 [main] Log4jManager - Test Case: TestCase_001_CoSignIn on [ShopLTKsignUpTest passed=0 failed=0 skipped=0] Started
[INFO ] 2022-10-11 21:17:02.025 [main] Log4jManager -   
[INFO ] 2022-10-11 21:17:04.268 [main] Log4jManager - user goes to LTK home Page
[INFO ] 2022-10-11 21:17:04.808 [main] Log4jManager - user click on the Signup button on the LTK home page
[INFO ] 2022-10-11 21:17:04.811 [main] Log4jManager - Test Case: TestCase_001_CoSignIn on [ShopLTKsignUpTest passed=0 failed=0 skipped=0] Passed
[INFO ] 2022-10-11 21:21:06.489 [main] Log4jManager - Successfully Initiated Chrome Driver
[INFO ] 2022-10-11 21:21:06.500 [main] Log4jManager - 	**************************************************************************
[INFO ] 2022-10-11 21:21:06.500 [main] Log4jManager - Test Case: TestCase_001_CoSignIn on [ShopLTKsignUpTest passed=0 failed=0 skipped=0] Started
[INFO ] 2022-10-11 21:21:06.500 [main] Log4jManager -   
[INFO ] 2022-10-11 21:21:09.000 [main] Log4jManager - user goes to LTK home Page
[INFO ] 2022-10-11 21:21:09.298 [main] Log4jManager - user click on the Signup button on the LTK home page
[INFO ] 2022-10-11 21:21:09.301 [main] Log4jManager - Test Case: TestCase_001_CoSignIn on [ShopLTKsignUpTest passed=0 failed=0 skipped=0] Passed
[INFO ] 2022-10-11 21:33:37.509 [main] Log4jManager - Successfully Initiated Chrome Driver
[INFO ] 2022-10-11 21:33:37.518 [main] Log4jManager - 	**************************************************************************
[INFO ] 2022-10-11 21:33:37.518 [main] Log4jManager - Test Case: TestCase_001_CoSignIn on [ShopLTKsignUpTest passed=0 failed=0 skipped=0] Started
[INFO ] 2022-10-11 21:33:37.518 [main] Log4jManager -   
[INFO ] 2022-10-11 21:33:37.548 [main] Log4jManager - user goes to LTK home Page
[INFO ] 2022-10-11 21:33:37.549 [main] Log4jManager - Go to page:https://www.shopltk.com/
[INFO ] 2022-10-11 21:33:41.337 [main] Log4jManager - Loaded page:https://www.shopltk.com/
[INFO ] 2022-10-11 21:33:41.633 [main] Log4jManager - user click on the Signup button on the LTK home page
[INFO ] 2022-10-11 21:33:41.636 [main] Log4jManager - Test Case: TestCase_001_CoSignIn on [ShopLTKsignUpTest passed=0 failed=0 skipped=0] Passed
[INFO ] 2022-10-11 21:36:55.774 [main] Log4jManager - Successfully Initiated Chrome Driver
[INFO ] 2022-10-11 21:36:55.784 [main] Log4jManager - 	**************************************************************************
[INFO ] 2022-10-11 21:36:55.784 [main] Log4jManager - Test Case: TestCase_001_CoSignIn on [ShopLTKsignUpTest passed=0 failed=0 skipped=0] Started
[INFO ] 2022-10-11 21:36:55.784 [main] Log4jManager -   
[INFO ] 2022-10-11 21:36:55.815 [main] Log4jManager - user goes to LTK home Page
[INFO ] 2022-10-11 21:36:55.816 [main] Log4jManager - Go to page:https://www.shopltk.com/
[INFO ] 2022-10-11 21:37:01.502 [main] Log4jManager - Loaded page:https://www.shopltk.com/
[INFO ] 2022-10-11 21:37:01.677 [main] Log4jManager - Test Case: TestCase_001_CoSignIn on [ShopLTKsignUpTest passed=0 failed=0 skipped=0] Failed
[INFO ] 2022-10-11 21:42:42.627 [main] Log4jManager - Successfully Initiated Chrome Driver
[INFO ] 2022-10-11 21:42:42.638 [main] Log4jManager - 	**************************************************************************
[INFO ] 2022-10-11 21:42:42.638 [main] Log4jManager - Test Case: TestCase_001_CoSignIn on [ShopLTKsignUpTest passed=0 failed=0 skipped=0] Started
[INFO ] 2022-10-11 21:42:42.639 [main] Log4jManager -   
[INFO ] 2022-10-11 21:42:42.678 [main] Log4jManager - user goes to LTK home Page
[INFO ] 2022-10-11 21:42:42.678 [main] Log4jManager - Go to page:https://www.shopltk.com/
[INFO ] 2022-10-11 21:42:45.049 [main] Log4jManager - Loaded page:https://www.shopltk.com/
[INFO ] 2022-10-11 21:42:45.264 [main] Log4jManager - user click on the Signup button on the LTK home page
[INFO ] 2022-10-11 21:42:45.266 [main] Log4jManager - user lands on the LTK sign up Page
[INFO ] 2022-10-11 21:42:45.266 [main] Log4jManager - Go to page:https://login.shopltk.com/login?state=hKFo2SBIOURWVDdhQ0R1eEIxMGtRZmY4VGtaSjdidy1rdmwtRaFupWxvZ2luo3RpZNkgTzY4bUgtSkJ6d1RCLUM4TWVsZHdiNVRXaVg2bFpXWDWjY2lk2SBOcGMxMEQ3M3JqdUxaak4zR3lWMlRGWnk3YVQyT0NTRw&client=Npc10D73rjuLZjN3GyV2TFZy7aT2OCSG&protocol=oauth2&prompt=login&response_type=code&access_type=&redirect_uri=https%3A%2F%2Fwww.shopltk.com%2Fauth%2Fcallback&scope=openid+profile+offline_access+openid+profile+email+ltk.consumer+offline_access&code_challenge_method=S256&screen_hint=signup&ui_locales=en-US&audience=https%3A%2F%2Fprod-consumer-api.shopltk.com%2Fv1&code_challenge=dsT3j15WQaMX403xEmY2jbBMoqCdszFmgKoRf-k277w
[INFO ] 2022-10-11 21:42:46.463 [main] Log4jManager - Loaded page:https://login.shopltk.com/login?state=hKFo2SBIOURWVDdhQ0R1eEIxMGtRZmY4VGtaSjdidy1rdmwtRaFupWxvZ2luo3RpZNkgTzY4bUgtSkJ6d1RCLUM4TWVsZHdiNVRXaVg2bFpXWDWjY2lk2SBOcGMxMEQ3M3JqdUxaak4zR3lWMlRGWnk3YVQyT0NTRw&client=Npc10D73rjuLZjN3GyV2TFZy7aT2OCSG&protocol=oauth2&prompt=login&response_type=code&access_type=&redirect_uri=https%3A%2F%2Fwww.shopltk.com%2Fauth%2Fcallback&scope=openid+profile+offline_access+openid+profile+email+ltk.consumer+offline_access&code_challenge_method=S256&screen_hint=signup&ui_locales=en-US&audience=https%3A%2F%2Fprod-consumer-api.shopltk.com%2Fv1&code_challenge=dsT3j15WQaMX403xEmY2jbBMoqCdszFmgKoRf-k277w
[INFO ] 2022-10-11 21:42:48.684 [main] Log4jManager - user is entering an email to sign up
[INFO ] 2022-10-11 21:42:48.685 [main] Log4jManager - Test Case: TestCase_001_CoSignIn on [ShopLTKsignUpTest passed=0 failed=0 skipped=0] Passed
[INFO ] 2022-10-11 21:45:44.248 [main] Log4jManager - Successfully Initiated Chrome Driver
[INFO ] 2022-10-11 21:45:44.257 [main] Log4jManager - 	**************************************************************************
[INFO ] 2022-10-11 21:45:44.257 [main] Log4jManager - Test Case: TestCase_001_CoSignIn on [ShopLTKsignUpTest passed=0 failed=0 skipped=0] Started
[INFO ] 2022-10-11 21:45:44.258 [main] Log4jManager -   
[INFO ] 2022-10-11 21:45:44.284 [main] Log4jManager - user goes to LTK home Page
[INFO ] 2022-10-11 21:45:44.284 [main] Log4jManager - Go to page:https://www.shopltk.com/
[INFO ] 2022-10-11 21:45:46.920 [main] Log4jManager - Loaded page:https://www.shopltk.com/
[INFO ] 2022-10-11 21:45:47.545 [main] Log4jManager - user click on the Signup button on the LTK home page
[INFO ] 2022-10-11 21:45:47.547 [main] Log4jManager - user lands on the LTK sign up Page
[INFO ] 2022-10-11 21:45:47.547 [main] Log4jManager - Go to page:https://login.shopltk.com/login?state=hKFo2SBIOURWVDdhQ0R1eEIxMGtRZmY4VGtaSjdidy1rdmwtRaFupWxvZ2luo3RpZNkgTzY4bUgtSkJ6d1RCLUM4TWVsZHdiNVRXaVg2bFpXWDWjY2lk2SBOcGMxMEQ3M3JqdUxaak4zR3lWMlRGWnk3YVQyT0NTRw&client=Npc10D73rjuLZjN3GyV2TFZy7aT2OCSG&protocol=oauth2&prompt=login&response_type=code&access_type=&redirect_uri=https%3A%2F%2Fwww.shopltk.com%2Fauth%2Fcallback&scope=openid+profile+offline_access+openid+profile+email+ltk.consumer+offline_access&code_challenge_method=S256&screen_hint=signup&ui_locales=en-US&audience=https%3A%2F%2Fprod-consumer-api.shopltk.com%2Fv1&code_challenge=dsT3j15WQaMX403xEmY2jbBMoqCdszFmgKoRf-k277w
[INFO ] 2022-10-11 21:45:49.191 [main] Log4jManager - Loaded page:https://login.shopltk.com/login?state=hKFo2SBIOURWVDdhQ0R1eEIxMGtRZmY4VGtaSjdidy1rdmwtRaFupWxvZ2luo3RpZNkgTzY4bUgtSkJ6d1RCLUM4TWVsZHdiNVRXaVg2bFpXWDWjY2lk2SBOcGMxMEQ3M3JqdUxaak4zR3lWMlRGWnk3YVQyT0NTRw&client=Npc10D73rjuLZjN3GyV2TFZy7aT2OCSG&protocol=oauth2&prompt=login&response_type=code&access_type=&redirect_uri=https%3A%2F%2Fwww.shopltk.com%2Fauth%2Fcallback&scope=openid+profile+offline_access+openid+profile+email+ltk.consumer+offline_access&code_challenge_method=S256&screen_hint=signup&ui_locales=en-US&audience=https%3A%2F%2Fprod-consumer-api.shopltk.com%2Fv1&code_challenge=dsT3j15WQaMX403xEmY2jbBMoqCdszFmgKoRf-k277w
[INFO ] 2022-10-11 21:45:51.409 [main] Log4jManager - user is entering an email to sign up
[INFO ] 2022-10-11 21:45:51.410 [main] Log4jManager - user lands on the LTK password  Page
[INFO ] 2022-10-11 21:45:51.410 [main] Log4jManager - Go to page:https://login.shopltk.com/login?state=hKFo2SBIOURWVDdhQ0R1eEIxMGtRZmY4VGtaSjdidy1rdmwtRaFupWxvZ2luo3RpZNkgTzY4bUgtSkJ6d1RCLUM4TWVsZHdiNVRXaVg2bFpXWDWjY2lk2SBOcGMxMEQ3M3JqdUxaak4zR3lWMlRGWnk3YVQyT0NTRw&client=Npc10D73rjuLZjN3GyV2TFZy7aT2OCSG&protocol=oauth2&prompt=login&response_type=code&access_type=&redirect_uri=https%3A%2F%2Fwww.shopltk.com%2Fauth%2Fcallback&scope=openid+profile+offline_access+openid+profile+email+ltk.consumer+offline_access&code_challenge_method=S256&screen_hint=signup&ui_locales=en-US&audience=https%3A%2F%2Fprod-consumer-api.shopltk.com%2Fv1&code_challenge=dsT3j15WQaMX403xEmY2jbBMoqCdszFmgKoRf-k277w
[INFO ] 2022-10-11 21:45:53.024 [main] Log4jManager - Loaded page:https://login.shopltk.com/login?state=hKFo2SBIOURWVDdhQ0R1eEIxMGtRZmY4VGtaSjdidy1rdmwtRaFupWxvZ2luo3RpZNkgTzY4bUgtSkJ6d1RCLUM4TWVsZHdiNVRXaVg2bFpXWDWjY2lk2SBOcGMxMEQ3M3JqdUxaak4zR3lWMlRGWnk3YVQyT0NTRw&client=Npc10D73rjuLZjN3GyV2TFZy7aT2OCSG&protocol=oauth2&prompt=login&response_type=code&access_type=&redirect_uri=https%3A%2F%2Fwww.shopltk.com%2Fauth%2Fcallback&scope=openid+profile+offline_access+openid+profile+email+ltk.consumer+offline_access&code_challenge_method=S256&screen_hint=signup&ui_locales=en-US&audience=https%3A%2F%2Fprod-consumer-api.shopltk.com%2Fv1&code_challenge=dsT3j15WQaMX403xEmY2jbBMoqCdszFmgKoRf-k277w
[INFO ] 2022-10-11 21:46:03.100 [main] Log4jManager - Test Case: TestCase_001_CoSignIn on [ShopLTKsignUpTest passed=0 failed=0 skipped=0] Failed
[INFO ] 2022-10-11 21:48:10.869 [main] Log4jManager - Successfully Initiated Chrome Driver
[INFO ] 2022-10-11 21:48:10.874 [main] Log4jManager - 	**************************************************************************
[INFO ] 2022-10-11 21:48:10.874 [main] Log4jManager - Test Case: TestCase_001_CoSignIn on [ShopLTKsignUpTest passed=0 failed=0 skipped=0] Started
[INFO ] 2022-10-11 21:48:10.874 [main] Log4jManager -   
[INFO ] 2022-10-11 21:48:10.903 [main] Log4jManager - user goes to LTK home Page
[INFO ] 2022-10-11 21:48:10.903 [main] Log4jManager - Go to page:https://www.shopltk.com/
[INFO ] 2022-10-11 21:48:12.707 [main] Log4jManager - Loaded page:https://www.shopltk.com/
[INFO ] 2022-10-11 21:48:13.083 [main] Log4jManager - user click on the Signup button on the LTK home page
[INFO ] 2022-10-11 21:48:13.086 [main] Log4jManager - user lands on the LTK sign up Page
[INFO ] 2022-10-11 21:48:13.086 [main] Log4jManager - Go to page:https://login.shopltk.com/login?state=hKFo2SBIOURWVDdhQ0R1eEIxMGtRZmY4VGtaSjdidy1rdmwtRaFupWxvZ2luo3RpZNkgTzY4bUgtSkJ6d1RCLUM4TWVsZHdiNVRXaVg2bFpXWDWjY2lk2SBOcGMxMEQ3M3JqdUxaak4zR3lWMlRGWnk3YVQyT0NTRw&client=Npc10D73rjuLZjN3GyV2TFZy7aT2OCSG&protocol=oauth2&prompt=login&response_type=code&access_type=&redirect_uri=https%3A%2F%2Fwww.shopltk.com%2Fauth%2Fcallback&scope=openid+profile+offline_access+openid+profile+email+ltk.consumer+offline_access&code_challenge_method=S256&screen_hint=signup&ui_locales=en-US&audience=https%3A%2F%2Fprod-consumer-api.shopltk.com%2Fv1&code_challenge=dsT3j15WQaMX403xEmY2jbBMoqCdszFmgKoRf-k277w
[INFO ] 2022-10-11 21:48:14.357 [main] Log4jManager - Loaded page:https://login.shopltk.com/login?state=hKFo2SBIOURWVDdhQ0R1eEIxMGtRZmY4VGtaSjdidy1rdmwtRaFupWxvZ2luo3RpZNkgTzY4bUgtSkJ6d1RCLUM4TWVsZHdiNVRXaVg2bFpXWDWjY2lk2SBOcGMxMEQ3M3JqdUxaak4zR3lWMlRGWnk3YVQyT0NTRw&client=Npc10D73rjuLZjN3GyV2TFZy7aT2OCSG&protocol=oauth2&prompt=login&response_type=code&access_type=&redirect_uri=https%3A%2F%2Fwww.shopltk.com%2Fauth%2Fcallback&scope=openid+profile+offline_access+openid+profile+email+ltk.consumer+offline_access&code_challenge_method=S256&screen_hint=signup&ui_locales=en-US&audience=https%3A%2F%2Fprod-consumer-api.shopltk.com%2Fv1&code_challenge=dsT3j15WQaMX403xEmY2jbBMoqCdszFmgKoRf-k277w
[INFO ] 2022-10-11 21:48:16.556 [main] Log4jManager - user is entering an email to sign up
[INFO ] 2022-10-11 21:48:16.557 [main] Log4jManager - user lands on the LTK password  Page
[INFO ] 2022-10-11 21:48:16.557 [main] Log4jManager - Go to page:https://login.shopltk.com/login?state=hKFo2SBDMjF4R2NMMlZMMTZtZVFub0QwcDhSMVczYmRBdnBXdqFupWxvZ2luo3RpZNkgZXhMVUJqWURyOHU2c0lPSGpPVDRlY0FxUkNDVlNsMjWjY2lk2SBOcGMxMEQ3M3JqdUxaak4zR3lWMlRGWnk3YVQyT0NTRw&client=Npc10D73rjuLZjN3GyV2TFZy7aT2OCSG&protocol=oauth2&prompt=login&response_type=code&access_type=&redirect_uri=https%3A%2F%2Fwww.shopltk.com%2Fauth%2Fcallback&scope=openid+profile+offline_access+openid+profile+email+ltk.consumer+offline_access&code_challenge_method=S256&screen_hint=signup&ui_locales=en-US&audience=https%3A%2F%2Fprod-consumer-api.shopltk.com%2Fv1&code_challenge=C7PZpNhWO3ME1ptmQBS3OLW_KbsyNx5DD__5vKX8tGM
[INFO ] 2022-10-11 21:48:17.784 [main] Log4jManager - Loaded page:https://login.shopltk.com/login?state=hKFo2SBDMjF4R2NMMlZMMTZtZVFub0QwcDhSMVczYmRBdnBXdqFupWxvZ2luo3RpZNkgZXhMVUJqWURyOHU2c0lPSGpPVDRlY0FxUkNDVlNsMjWjY2lk2SBOcGMxMEQ3M3JqdUxaak4zR3lWMlRGWnk3YVQyT0NTRw&client=Npc10D73rjuLZjN3GyV2TFZy7aT2OCSG&protocol=oauth2&prompt=login&response_type=code&access_type=&redirect_uri=https%3A%2F%2Fwww.shopltk.com%2Fauth%2Fcallback&scope=openid+profile+offline_access+openid+profile+email+ltk.consumer+offline_access&code_challenge_method=S256&screen_hint=signup&ui_locales=en-US&audience=https%3A%2F%2Fprod-consumer-api.shopltk.com%2Fv1&code_challenge=C7PZpNhWO3ME1ptmQBS3OLW_KbsyNx5DD__5vKX8tGM
[INFO ] 2022-10-11 21:48:27.874 [main] Log4jManager - Test Case: TestCase_001_CoSignIn on [ShopLTKsignUpTest passed=0 failed=0 skipped=0] Failed
[INFO ] 2022-10-11 21:50:46.434 [main] Log4jManager - Successfully Initiated Chrome Driver
[INFO ] 2022-10-11 21:50:46.445 [main] Log4jManager - 	**************************************************************************
[INFO ] 2022-10-11 21:50:46.445 [main] Log4jManager - Test Case: TestCase_001_CoSignIn on [ShopLTKsignUpTest passed=0 failed=0 skipped=0] Started
[INFO ] 2022-10-11 21:50:46.446 [main] Log4jManager -   
[INFO ] 2022-10-11 21:50:46.477 [main] Log4jManager - user goes to LTK home Page
[INFO ] 2022-10-11 21:50:46.477 [main] Log4jManager - Go to page:https://www.shopltk.com/
[INFO ] 2022-10-11 21:50:49.968 [main] Log4jManager - Loaded page:https://www.shopltk.com/
[INFO ] 2022-10-11 21:50:50.217 [main] Log4jManager - user click on the Signup button on the LTK home page
[INFO ] 2022-10-11 21:50:50.220 [main] Log4jManager - user lands on the LTK sign up Page
[INFO ] 2022-10-11 21:50:50.221 [main] Log4jManager - Go to page:https://login.shopltk.com/login?state=hKFo2SBIOURWVDdhQ0R1eEIxMGtRZmY4VGtaSjdidy1rdmwtRaFupWxvZ2luo3RpZNkgTzY4bUgtSkJ6d1RCLUM4TWVsZHdiNVRXaVg2bFpXWDWjY2lk2SBOcGMxMEQ3M3JqdUxaak4zR3lWMlRGWnk3YVQyT0NTRw&client=Npc10D73rjuLZjN3GyV2TFZy7aT2OCSG&protocol=oauth2&prompt=login&response_type=code&access_type=&redirect_uri=https%3A%2F%2Fwww.shopltk.com%2Fauth%2Fcallback&scope=openid+profile+offline_access+openid+profile+email+ltk.consumer+offline_access&code_challenge_method=S256&screen_hint=signup&ui_locales=en-US&audience=https%3A%2F%2Fprod-consumer-api.shopltk.com%2Fv1&code_challenge=dsT3j15WQaMX403xEmY2jbBMoqCdszFmgKoRf-k277w
[INFO ] 2022-10-11 21:50:51.677 [main] Log4jManager - Loaded page:https://login.shopltk.com/login?state=hKFo2SBIOURWVDdhQ0R1eEIxMGtRZmY4VGtaSjdidy1rdmwtRaFupWxvZ2luo3RpZNkgTzY4bUgtSkJ6d1RCLUM4TWVsZHdiNVRXaVg2bFpXWDWjY2lk2SBOcGMxMEQ3M3JqdUxaak4zR3lWMlRGWnk3YVQyT0NTRw&client=Npc10D73rjuLZjN3GyV2TFZy7aT2OCSG&protocol=oauth2&prompt=login&response_type=code&access_type=&redirect_uri=https%3A%2F%2Fwww.shopltk.com%2Fauth%2Fcallback&scope=openid+profile+offline_access+openid+profile+email+ltk.consumer+offline_access&code_challenge_method=S256&screen_hint=signup&ui_locales=en-US&audience=https%3A%2F%2Fprod-consumer-api.shopltk.com%2Fv1&code_challenge=dsT3j15WQaMX403xEmY2jbBMoqCdszFmgKoRf-k277w
[INFO ] 2022-10-11 21:50:53.962 [main] Log4jManager - user is entering an email to sign up
[INFO ] 2022-10-11 21:50:53.964 [main] Log4jManager - user lands on the LTK password  Page
[INFO ] 2022-10-11 21:50:53.964 [main] Log4jManager - Go to page:https://login.shopltk.com/login?state=hKFo2SBDMjF4R2NMMlZMMTZtZVFub0QwcDhSMVczYmRBdnBXdqFupWxvZ2luo3RpZNkgZXhMVUJqWURyOHU2c0lPSGpPVDRlY0FxUkNDVlNsMjWjY2lk2SBOcGMxMEQ3M3JqdUxaak4zR3lWMlRGWnk3YVQyT0NTRw&client=Npc10D73rjuLZjN3GyV2TFZy7aT2OCSG&protocol=oauth2&prompt=login&response_type=code&access_type=&redirect_uri=https%3A%2F%2Fwww.shopltk.com%2Fauth%2Fcallback&scope=openid+profile+offline_access+openid+profile+email+ltk.consumer+offline_access&code_challenge_method=S256&screen_hint=signup&ui_locales=en-US&audience=https%3A%2F%2Fprod-consumer-api.shopltk.com%2Fv1&code_challenge=C7PZpNhWO3ME1ptmQBS3OLW_KbsyNx5DD__5vKX8tGM
[INFO ] 2022-10-11 21:50:55.369 [main] Log4jManager - Loaded page:https://login.shopltk.com/login?state=hKFo2SBDMjF4R2NMMlZMMTZtZVFub0QwcDhSMVczYmRBdnBXdqFupWxvZ2luo3RpZNkgZXhMVUJqWURyOHU2c0lPSGpPVDRlY0FxUkNDVlNsMjWjY2lk2SBOcGMxMEQ3M3JqdUxaak4zR3lWMlRGWnk3YVQyT0NTRw&client=Npc10D73rjuLZjN3GyV2TFZy7aT2OCSG&protocol=oauth2&prompt=login&response_type=code&access_type=&redirect_uri=https%3A%2F%2Fwww.shopltk.com%2Fauth%2Fcallback&scope=openid+profile+offline_access+openid+profile+email+ltk.consumer+offline_access&code_challenge_method=S256&screen_hint=signup&ui_locales=en-US&audience=https%3A%2F%2Fprod-consumer-api.shopltk.com%2Fv1&code_challenge=C7PZpNhWO3ME1ptmQBS3OLW_KbsyNx5DD__5vKX8tGM
[INFO ] 2022-10-11 21:51:05.505 [main] Log4jManager - Test Case: TestCase_001_CoSignIn on [ShopLTKsignUpTest passed=0 failed=0 skipped=0] Failed
[INFO ] 2022-10-11 21:51:36.502 [main] Log4jManager - Successfully Initiated Chrome Driver
[INFO ] 2022-10-11 21:51:36.508 [main] Log4jManager - 	**************************************************************************
[INFO ] 2022-10-11 21:51:36.508 [main] Log4jManager - Test Case: TestCase_001_CoSignIn on [ShopLTKsignUpTest passed=0 failed=0 skipped=0] Started
[INFO ] 2022-10-11 21:51:36.509 [main] Log4jManager -   
[INFO ] 2022-10-11 21:51:36.541 [main] Log4jManager - user goes to LTK home Page
[INFO ] 2022-10-11 21:51:36.541 [main] Log4jManager - Go to page:https://www.shopltk.com/
[INFO ] 2022-10-11 21:51:39.551 [main] Log4jManager - Loaded page:https://www.shopltk.com/
[INFO ] 2022-10-11 21:51:39.854 [main] Log4jManager - user click on the Signup button on the LTK home page
[INFO ] 2022-10-11 21:51:39.857 [main] Log4jManager - user lands on the LTK sign up Page
[INFO ] 2022-10-11 21:51:39.857 [main] Log4jManager - Go to page:https://login.shopltk.com/login?state=hKFo2SBIOURWVDdhQ0R1eEIxMGtRZmY4VGtaSjdidy1rdmwtRaFupWxvZ2luo3RpZNkgTzY4bUgtSkJ6d1RCLUM4TWVsZHdiNVRXaVg2bFpXWDWjY2lk2SBOcGMxMEQ3M3JqdUxaak4zR3lWMlRGWnk3YVQyT0NTRw&client=Npc10D73rjuLZjN3GyV2TFZy7aT2OCSG&protocol=oauth2&prompt=login&response_type=code&access_type=&redirect_uri=https%3A%2F%2Fwww.shopltk.com%2Fauth%2Fcallback&scope=openid+profile+offline_access+openid+profile+email+ltk.consumer+offline_access&code_challenge_method=S256&screen_hint=signup&ui_locales=en-US&audience=https%3A%2F%2Fprod-consumer-api.shopltk.com%2Fv1&code_challenge=dsT3j15WQaMX403xEmY2jbBMoqCdszFmgKoRf-k277w
[INFO ] 2022-10-11 21:51:40.664 [main] Log4jManager - Loaded page:https://login.shopltk.com/login?state=hKFo2SBIOURWVDdhQ0R1eEIxMGtRZmY4VGtaSjdidy1rdmwtRaFupWxvZ2luo3RpZNkgTzY4bUgtSkJ6d1RCLUM4TWVsZHdiNVRXaVg2bFpXWDWjY2lk2SBOcGMxMEQ3M3JqdUxaak4zR3lWMlRGWnk3YVQyT0NTRw&client=Npc10D73rjuLZjN3GyV2TFZy7aT2OCSG&protocol=oauth2&prompt=login&response_type=code&access_type=&redirect_uri=https%3A%2F%2Fwww.shopltk.com%2Fauth%2Fcallback&scope=openid+profile+offline_access+openid+profile+email+ltk.consumer+offline_access&code_challenge_method=S256&screen_hint=signup&ui_locales=en-US&audience=https%3A%2F%2Fprod-consumer-api.shopltk.com%2Fv1&code_challenge=dsT3j15WQaMX403xEmY2jbBMoqCdszFmgKoRf-k277w
[INFO ] 2022-10-11 21:51:42.933 [main] Log4jManager - user is entering an email to sign up
[INFO ] 2022-10-11 21:51:42.935 [main] Log4jManager - user lands on the LTK password  Page
[INFO ] 2022-10-11 21:51:45.634 [main] Log4jManager - user is entering a password and clicking the Sign Up to Beging Shopping button to finish signing up
[INFO ] 2022-10-11 21:51:45.635 [main] Log4jManager - Test Case: TestCase_001_CoSignIn on [ShopLTKsignUpTest passed=0 failed=0 skipped=0] Passed
[INFO ] 2022-10-11 21:55:56.121 [main] Log4jManager - Successfully Initiated Chrome Driver
[INFO ] 2022-10-11 21:55:56.130 [main] Log4jManager - 	**************************************************************************
[INFO ] 2022-10-11 21:55:56.130 [main] Log4jManager - Test Case: TestCase_001_CoSignIn on [ShopLTKsignUpTest passed=0 failed=0 skipped=0] Started
[INFO ] 2022-10-11 21:55:56.130 [main] Log4jManager -   
[INFO ] 2022-10-11 21:55:56.168 [main] Log4jManager - user goes to LTK home Page
[INFO ] 2022-10-11 21:55:56.168 [main] Log4jManager - Go to page:https://www.shopltk.com/
[INFO ] 2022-10-11 21:55:58.606 [main] Log4jManager - Loaded page:https://www.shopltk.com/
[INFO ] 2022-10-11 21:55:58.943 [main] Log4jManager - user click on the Signup button on the LTK home page
[INFO ] 2022-10-11 21:55:58.945 [main] Log4jManager - user lands on the LTK sign up Page
[INFO ] 2022-10-11 21:55:58.945 [main] Log4jManager - Go to page:https://login.shopltk.com/login?state=hKFo2SBIOURWVDdhQ0R1eEIxMGtRZmY4VGtaSjdidy1rdmwtRaFupWxvZ2luo3RpZNkgTzY4bUgtSkJ6d1RCLUM4TWVsZHdiNVRXaVg2bFpXWDWjY2lk2SBOcGMxMEQ3M3JqdUxaak4zR3lWMlRGWnk3YVQyT0NTRw&client=Npc10D73rjuLZjN3GyV2TFZy7aT2OCSG&protocol=oauth2&prompt=login&response_type=code&access_type=&redirect_uri=https%3A%2F%2Fwww.shopltk.com%2Fauth%2Fcallback&scope=openid+profile+offline_access+openid+profile+email+ltk.consumer+offline_access&code_challenge_method=S256&screen_hint=signup&ui_locales=en-US&audience=https%3A%2F%2Fprod-consumer-api.shopltk.com%2Fv1&code_challenge=dsT3j15WQaMX403xEmY2jbBMoqCdszFmgKoRf-k277w
[INFO ] 2022-10-11 21:56:00.030 [main] Log4jManager - Loaded page:https://login.shopltk.com/login?state=hKFo2SBIOURWVDdhQ0R1eEIxMGtRZmY4VGtaSjdidy1rdmwtRaFupWxvZ2luo3RpZNkgTzY4bUgtSkJ6d1RCLUM4TWVsZHdiNVRXaVg2bFpXWDWjY2lk2SBOcGMxMEQ3M3JqdUxaak4zR3lWMlRGWnk3YVQyT0NTRw&client=Npc10D73rjuLZjN3GyV2TFZy7aT2OCSG&protocol=oauth2&prompt=login&response_type=code&access_type=&redirect_uri=https%3A%2F%2Fwww.shopltk.com%2Fauth%2Fcallback&scope=openid+profile+offline_access+openid+profile+email+ltk.consumer+offline_access&code_challenge_method=S256&screen_hint=signup&ui_locales=en-US&audience=https%3A%2F%2Fprod-consumer-api.shopltk.com%2Fv1&code_challenge=dsT3j15WQaMX403xEmY2jbBMoqCdszFmgKoRf-k277w
[INFO ] 2022-10-11 21:56:02.314 [main] Log4jManager - user is entering an email to sign up
[INFO ] 2022-10-11 21:56:02.316 [main] Log4jManager - user lands on the LTK password  Page
[INFO ] 2022-10-11 21:56:05.076 [main] Log4jManager - user is entering a password and clicking the Sign Up to Beging Shopping button to finish signing up
[INFO ] 2022-10-11 21:56:05.078 [main] Log4jManager - Test Case: TestCase_001_CoSignIn on [ShopLTKsignUpTest passed=0 failed=0 skipped=0] Passed
[INFO ] 2022-10-11 22:28:50.871 [main] Log4jManager - Successfully Initiated Chrome Driver
[INFO ] 2022-10-11 22:28:50.882 [main] Log4jManager - 	**************************************************************************
[INFO ] 2022-10-11 22:28:50.883 [main] Log4jManager - Test Case: TestCase_001_CoSignIn on [ShopLTKsignUpTest passed=0 failed=0 skipped=0] Started
[INFO ] 2022-10-11 22:28:50.883 [main] Log4jManager -   
[INFO ] 2022-10-11 22:28:50.916 [main] Log4jManager - user goes to LTK home Page
[INFO ] 2022-10-11 22:28:50.917 [main] Log4jManager - Go to page:https://www.shopltk.com/
[INFO ] 2022-10-11 22:28:53.076 [main] Log4jManager - Loaded page:https://www.shopltk.com/
[INFO ] 2022-10-11 22:28:53.432 [main] Log4jManager - user click on the Login button on the LTK home page
[INFO ] 2022-10-11 22:28:53.435 [main] Log4jManager - user lands on the LTK sign up Page
[INFO ] 2022-10-11 22:28:53.435 [main] Log4jManager - Go to page:https://login.shopltk.com/login?state=hKFo2SBIOURWVDdhQ0R1eEIxMGtRZmY4VGtaSjdidy1rdmwtRaFupWxvZ2luo3RpZNkgTzY4bUgtSkJ6d1RCLUM4TWVsZHdiNVRXaVg2bFpXWDWjY2lk2SBOcGMxMEQ3M3JqdUxaak4zR3lWMlRGWnk3YVQyT0NTRw&client=Npc10D73rjuLZjN3GyV2TFZy7aT2OCSG&protocol=oauth2&prompt=login&response_type=code&access_type=&redirect_uri=https%3A%2F%2Fwww.shopltk.com%2Fauth%2Fcallback&scope=openid+profile+offline_access+openid+profile+email+ltk.consumer+offline_access&code_challenge_method=S256&screen_hint=signup&ui_locales=en-US&audience=https%3A%2F%2Fprod-consumer-api.shopltk.com%2Fv1&code_challenge=dsT3j15WQaMX403xEmY2jbBMoqCdszFmgKoRf-k277w
[INFO ] 2022-10-11 22:28:54.572 [main] Log4jManager - Loaded page:https://login.shopltk.com/login?state=hKFo2SBIOURWVDdhQ0R1eEIxMGtRZmY4VGtaSjdidy1rdmwtRaFupWxvZ2luo3RpZNkgTzY4bUgtSkJ6d1RCLUM4TWVsZHdiNVRXaVg2bFpXWDWjY2lk2SBOcGMxMEQ3M3JqdUxaak4zR3lWMlRGWnk3YVQyT0NTRw&client=Npc10D73rjuLZjN3GyV2TFZy7aT2OCSG&protocol=oauth2&prompt=login&response_type=code&access_type=&redirect_uri=https%3A%2F%2Fwww.shopltk.com%2Fauth%2Fcallback&scope=openid+profile+offline_access+openid+profile+email+ltk.consumer+offline_access&code_challenge_method=S256&screen_hint=signup&ui_locales=en-US&audience=https%3A%2F%2Fprod-consumer-api.shopltk.com%2Fv1&code_challenge=dsT3j15WQaMX403xEmY2jbBMoqCdszFmgKoRf-k277w
[INFO ] 2022-10-11 22:28:56.844 [main] Log4jManager - user is entering an email to sign up
[INFO ] 2022-10-11 22:28:56.845 [main] Log4jManager - user lands on the LTK password  Page
[INFO ] 2022-10-11 22:29:29.574 [main] Log4jManager - Test Case: TestCase_001_CoSignIn on [ShopLTKsignUpTest passed=0 failed=0 skipped=0] Failed
[INFO ] 2022-10-11 22:33:00.151 [main] Log4jManager - Successfully Initiated Chrome Driver
[INFO ] 2022-10-11 22:33:00.161 [main] Log4jManager - 	**************************************************************************
[INFO ] 2022-10-11 22:33:00.161 [main] Log4jManager - Test Case: TestCase_001_CoSignIn on [ShopLTKsignUpTest passed=0 failed=0 skipped=0] Started
[INFO ] 2022-10-11 22:33:00.161 [main] Log4jManager -   
[INFO ] 2022-10-11 22:33:00.190 [main] Log4jManager - user goes to LTK home Page
[INFO ] 2022-10-11 22:33:00.190 [main] Log4jManager - Go to page:https://www.shopltk.com/
[INFO ] 2022-10-11 22:33:02.267 [main] Log4jManager - Loaded page:https://www.shopltk.com/
[INFO ] 2022-10-11 22:33:02.642 [main] Log4jManager - user click on the Login button on the LTK home page
[INFO ] 2022-10-11 22:33:02.644 [main] Log4jManager - user lands on the LTK sign up Page
[INFO ] 2022-10-11 22:33:02.644 [main] Log4jManager - Go to page:https://login.shopltk.com/login?state=hKFo2SBIOURWVDdhQ0R1eEIxMGtRZmY4VGtaSjdidy1rdmwtRaFupWxvZ2luo3RpZNkgTzY4bUgtSkJ6d1RCLUM4TWVsZHdiNVRXaVg2bFpXWDWjY2lk2SBOcGMxMEQ3M3JqdUxaak4zR3lWMlRGWnk3YVQyT0NTRw&client=Npc10D73rjuLZjN3GyV2TFZy7aT2OCSG&protocol=oauth2&prompt=login&response_type=code&access_type=&redirect_uri=https%3A%2F%2Fwww.shopltk.com%2Fauth%2Fcallback&scope=openid+profile+offline_access+openid+profile+email+ltk.consumer+offline_access&code_challenge_method=S256&screen_hint=signup&ui_locales=en-US&audience=https%3A%2F%2Fprod-consumer-api.shopltk.com%2Fv1&code_challenge=dsT3j15WQaMX403xEmY2jbBMoqCdszFmgKoRf-k277w
[INFO ] 2022-10-11 22:33:03.815 [main] Log4jManager - Loaded page:https://login.shopltk.com/login?state=hKFo2SBIOURWVDdhQ0R1eEIxMGtRZmY4VGtaSjdidy1rdmwtRaFupWxvZ2luo3RpZNkgTzY4bUgtSkJ6d1RCLUM4TWVsZHdiNVRXaVg2bFpXWDWjY2lk2SBOcGMxMEQ3M3JqdUxaak4zR3lWMlRGWnk3YVQyT0NTRw&client=Npc10D73rjuLZjN3GyV2TFZy7aT2OCSG&protocol=oauth2&prompt=login&response_type=code&access_type=&redirect_uri=https%3A%2F%2Fwww.shopltk.com%2Fauth%2Fcallback&scope=openid+profile+offline_access+openid+profile+email+ltk.consumer+offline_access&code_challenge_method=S256&screen_hint=signup&ui_locales=en-US&audience=https%3A%2F%2Fprod-consumer-api.shopltk.com%2Fv1&code_challenge=dsT3j15WQaMX403xEmY2jbBMoqCdszFmgKoRf-k277w
[INFO ] 2022-10-11 22:33:06.094 [main] Log4jManager - user is entering an email to sign up
[INFO ] 2022-10-11 22:33:06.095 [main] Log4jManager - user lands on the LTK password  Page
[INFO ] 2022-10-11 22:33:08.862 [main] Log4jManager - user is entering a password and clicking the Sign Up to Beging Shopping button to finish signing up
[INFO ] 2022-10-11 22:33:08.878 [main] Log4jManager - user signs up successfully and direct to a blank Page
[INFO ] 2022-10-11 22:33:08.878 [main] Log4jManager - user signs up successfully and direct to a blank Page
[INFO ] 2022-10-11 22:33:11.898 [main] Log4jManager - Test Case: TestCase_001_CoSignIn on [ShopLTKsignUpTest passed=0 failed=0 skipped=0] Failed
[INFO ] 2022-10-11 22:36:29.528 [main] Log4jManager - Successfully Initiated Chrome Driver
[INFO ] 2022-10-11 22:36:29.539 [main] Log4jManager - 	**************************************************************************
[INFO ] 2022-10-11 22:36:29.539 [main] Log4jManager - Test Case: TestCase_001_CoSignIn on [ShopLTKsignUpTest passed=0 failed=0 skipped=0] Started
[INFO ] 2022-10-11 22:36:29.540 [main] Log4jManager -   
[INFO ] 2022-10-11 22:36:29.569 [main] Log4jManager - user goes to LTK home Page
[INFO ] 2022-10-11 22:36:29.570 [main] Log4jManager - Go to page:https://www.shopltk.com/
[INFO ] 2022-10-11 22:36:31.522 [main] Log4jManager - Loaded page:https://www.shopltk.com/
[INFO ] 2022-10-11 22:36:31.886 [main] Log4jManager - user click on the Login button on the LTK home page
[INFO ] 2022-10-11 22:36:31.888 [main] Log4jManager - user lands on the LTK sign up Page
[INFO ] 2022-10-11 22:36:31.888 [main] Log4jManager - Go to page:https://login.shopltk.com/login?state=hKFo2SBIOURWVDdhQ0R1eEIxMGtRZmY4VGtaSjdidy1rdmwtRaFupWxvZ2luo3RpZNkgTzY4bUgtSkJ6d1RCLUM4TWVsZHdiNVRXaVg2bFpXWDWjY2lk2SBOcGMxMEQ3M3JqdUxaak4zR3lWMlRGWnk3YVQyT0NTRw&client=Npc10D73rjuLZjN3GyV2TFZy7aT2OCSG&protocol=oauth2&prompt=login&response_type=code&access_type=&redirect_uri=https%3A%2F%2Fwww.shopltk.com%2Fauth%2Fcallback&scope=openid+profile+offline_access+openid+profile+email+ltk.consumer+offline_access&code_challenge_method=S256&screen_hint=signup&ui_locales=en-US&audience=https%3A%2F%2Fprod-consumer-api.shopltk.com%2Fv1&code_challenge=dsT3j15WQaMX403xEmY2jbBMoqCdszFmgKoRf-k277w
[INFO ] 2022-10-11 22:36:33.171 [main] Log4jManager - Loaded page:https://login.shopltk.com/login?state=hKFo2SBIOURWVDdhQ0R1eEIxMGtRZmY4VGtaSjdidy1rdmwtRaFupWxvZ2luo3RpZNkgTzY4bUgtSkJ6d1RCLUM4TWVsZHdiNVRXaVg2bFpXWDWjY2lk2SBOcGMxMEQ3M3JqdUxaak4zR3lWMlRGWnk3YVQyT0NTRw&client=Npc10D73rjuLZjN3GyV2TFZy7aT2OCSG&protocol=oauth2&prompt=login&response_type=code&access_type=&redirect_uri=https%3A%2F%2Fwww.shopltk.com%2Fauth%2Fcallback&scope=openid+profile+offline_access+openid+profile+email+ltk.consumer+offline_access&code_challenge_method=S256&screen_hint=signup&ui_locales=en-US&audience=https%3A%2F%2Fprod-consumer-api.shopltk.com%2Fv1&code_challenge=dsT3j15WQaMX403xEmY2jbBMoqCdszFmgKoRf-k277w
[INFO ] 2022-10-11 22:36:35.427 [main] Log4jManager - user is entering an email to sign up
[INFO ] 2022-10-11 22:36:35.429 [main] Log4jManager - user lands on the LTK password  Page
[INFO ] 2022-10-11 22:36:38.219 [main] Log4jManager - user is entering a password and clicking the Sign Up to Beging Shopping button to finish signing up
[INFO ] 2022-10-11 22:36:38.235 [main] Log4jManager - user signs up successfully and direct to a blank Page
[INFO ] 2022-10-11 22:36:38.236 [main] Log4jManager - user signs up successfully and direct to a blank Page
[INFO ] 2022-10-11 22:36:41.247 [main] Log4jManager - Test Case: TestCase_001_CoSignIn on [ShopLTKsignUpTest passed=0 failed=0 skipped=0] Failed
[INFO ] 2022-10-11 22:39:37.780 [main] Log4jManager - Successfully Initiated Chrome Driver
[INFO ] 2022-10-11 22:39:37.789 [main] Log4jManager - 	**************************************************************************
[INFO ] 2022-10-11 22:39:37.789 [main] Log4jManager - Test Case: TestCase_001_CoSignIn on [ShopLTKsignUpTest passed=0 failed=0 skipped=0] Started
[INFO ] 2022-10-11 22:39:37.790 [main] Log4jManager -   
[INFO ] 2022-10-11 22:39:37.824 [main] Log4jManager - user goes to LTK home Page
[INFO ] 2022-10-11 22:39:37.824 [main] Log4jManager - Go to page:https://www.shopltk.com/
[INFO ] 2022-10-11 22:39:40.072 [main] Log4jManager - Loaded page:https://www.shopltk.com/
[INFO ] 2022-10-11 22:39:40.414 [main] Log4jManager - user click on the Login button on the LTK home page
[INFO ] 2022-10-11 22:39:40.419 [main] Log4jManager - user lands on the LTK sign up Page
[INFO ] 2022-10-11 22:39:40.420 [main] Log4jManager - Go to page:https://login.shopltk.com/login?state=hKFo2SBIOURWVDdhQ0R1eEIxMGtRZmY4VGtaSjdidy1rdmwtRaFupWxvZ2luo3RpZNkgTzY4bUgtSkJ6d1RCLUM4TWVsZHdiNVRXaVg2bFpXWDWjY2lk2SBOcGMxMEQ3M3JqdUxaak4zR3lWMlRGWnk3YVQyT0NTRw&client=Npc10D73rjuLZjN3GyV2TFZy7aT2OCSG&protocol=oauth2&prompt=login&response_type=code&access_type=&redirect_uri=https%3A%2F%2Fwww.shopltk.com%2Fauth%2Fcallback&scope=openid+profile+offline_access+openid+profile+email+ltk.consumer+offline_access&code_challenge_method=S256&screen_hint=signup&ui_locales=en-US&audience=https%3A%2F%2Fprod-consumer-api.shopltk.com%2Fv1&code_challenge=dsT3j15WQaMX403xEmY2jbBMoqCdszFmgKoRf-k277w
[INFO ] 2022-10-11 22:39:41.519 [main] Log4jManager - Loaded page:https://login.shopltk.com/login?state=hKFo2SBIOURWVDdhQ0R1eEIxMGtRZmY4VGtaSjdidy1rdmwtRaFupWxvZ2luo3RpZNkgTzY4bUgtSkJ6d1RCLUM4TWVsZHdiNVRXaVg2bFpXWDWjY2lk2SBOcGMxMEQ3M3JqdUxaak4zR3lWMlRGWnk3YVQyT0NTRw&client=Npc10D73rjuLZjN3GyV2TFZy7aT2OCSG&protocol=oauth2&prompt=login&response_type=code&access_type=&redirect_uri=https%3A%2F%2Fwww.shopltk.com%2Fauth%2Fcallback&scope=openid+profile+offline_access+openid+profile+email+ltk.consumer+offline_access&code_challenge_method=S256&screen_hint=signup&ui_locales=en-US&audience=https%3A%2F%2Fprod-consumer-api.shopltk.com%2Fv1&code_challenge=dsT3j15WQaMX403xEmY2jbBMoqCdszFmgKoRf-k277w
[INFO ] 2022-10-11 22:39:43.784 [main] Log4jManager - user is entering an email to sign up
[INFO ] 2022-10-11 22:39:43.786 [main] Log4jManager - user lands on the LTK password  Page
[INFO ] 2022-10-11 22:39:46.582 [main] Log4jManager - user is entering a password and clicking the Sign Up to Beging Shopping button to finish signing up
[INFO ] 2022-10-11 22:39:46.597 [main] Log4jManager - user signs up successfully and direct to a blank Page
[INFO ] 2022-10-11 22:39:46.597 [main] Log4jManager - user signs up successfully and direct to a blank Page
[INFO ] 2022-10-11 22:39:49.609 [main] Log4jManager - Test Case: TestCase_001_CoSignIn on [ShopLTKsignUpTest passed=0 failed=0 skipped=0] Failed
[INFO ] 2022-10-11 22:40:56.957 [main] Log4jManager - Successfully Initiated Chrome Driver
[INFO ] 2022-10-11 22:40:56.964 [main] Log4jManager - 	**************************************************************************
[INFO ] 2022-10-11 22:40:56.964 [main] Log4jManager - Test Case: TestCase_001_CoSignIn on [ShopLTKsignUpTest passed=0 failed=0 skipped=0] Started
[INFO ] 2022-10-11 22:40:56.964 [main] Log4jManager -   
[INFO ] 2022-10-11 22:40:56.995 [main] Log4jManager - user goes to LTK home Page
[INFO ] 2022-10-11 22:40:56.995 [main] Log4jManager - Go to page:https://www.shopltk.com/
[INFO ] 2022-10-11 22:40:58.677 [main] Log4jManager - Loaded page:https://www.shopltk.com/
[INFO ] 2022-10-11 22:40:59.279 [main] Log4jManager - user click on the Login button on the LTK home page
[INFO ] 2022-10-11 22:40:59.282 [main] Log4jManager - user lands on the LTK sign up Page
[INFO ] 2022-10-11 22:40:59.282 [main] Log4jManager - Go to page:https://login.shopltk.com/login?state=hKFo2SBIOURWVDdhQ0R1eEIxMGtRZmY4VGtaSjdidy1rdmwtRaFupWxvZ2luo3RpZNkgTzY4bUgtSkJ6d1RCLUM4TWVsZHdiNVRXaVg2bFpXWDWjY2lk2SBOcGMxMEQ3M3JqdUxaak4zR3lWMlRGWnk3YVQyT0NTRw&client=Npc10D73rjuLZjN3GyV2TFZy7aT2OCSG&protocol=oauth2&prompt=login&response_type=code&access_type=&redirect_uri=https%3A%2F%2Fwww.shopltk.com%2Fauth%2Fcallback&scope=openid+profile+offline_access+openid+profile+email+ltk.consumer+offline_access&code_challenge_method=S256&screen_hint=signup&ui_locales=en-US&audience=https%3A%2F%2Fprod-consumer-api.shopltk.com%2Fv1&code_challenge=dsT3j15WQaMX403xEmY2jbBMoqCdszFmgKoRf-k277w
[INFO ] 2022-10-11 22:41:00.349 [main] Log4jManager - Loaded page:https://login.shopltk.com/login?state=hKFo2SBIOURWVDdhQ0R1eEIxMGtRZmY4VGtaSjdidy1rdmwtRaFupWxvZ2luo3RpZNkgTzY4bUgtSkJ6d1RCLUM4TWVsZHdiNVRXaVg2bFpXWDWjY2lk2SBOcGMxMEQ3M3JqdUxaak4zR3lWMlRGWnk3YVQyT0NTRw&client=Npc10D73rjuLZjN3GyV2TFZy7aT2OCSG&protocol=oauth2&prompt=login&response_type=code&access_type=&redirect_uri=https%3A%2F%2Fwww.shopltk.com%2Fauth%2Fcallback&scope=openid+profile+offline_access+openid+profile+email+ltk.consumer+offline_access&code_challenge_method=S256&screen_hint=signup&ui_locales=en-US&audience=https%3A%2F%2Fprod-consumer-api.shopltk.com%2Fv1&code_challenge=dsT3j15WQaMX403xEmY2jbBMoqCdszFmgKoRf-k277w
[INFO ] 2022-10-11 22:41:02.634 [main] Log4jManager - user is entering an email to sign up
[INFO ] 2022-10-11 22:41:02.637 [main] Log4jManager - user lands on the LTK password  Page
[INFO ] 2022-10-11 22:41:05.417 [main] Log4jManager - user is entering a password and clicking the Sign Up to Beging Shopping button to finish signing up
[INFO ] 2022-10-11 22:41:05.432 [main] Log4jManager - user signs up successfully and direct to a blank Page
[INFO ] 2022-10-11 22:41:05.432 [main] Log4jManager - user signs up successfully and direct to a blank Page
[INFO ] 2022-10-11 22:41:08.444 [main] Log4jManager - Test Case: TestCase_001_CoSignIn on [ShopLTKsignUpTest passed=0 failed=0 skipped=0] Passed
[INFO ] 2022-10-11 22:43:14.491 [main] Log4jManager - Successfully Initiated Chrome Driver
[INFO ] 2022-10-11 22:43:14.504 [main] Log4jManager - 	**************************************************************************
[INFO ] 2022-10-11 22:43:14.504 [main] Log4jManager - Test Case: TestCase_001_CoSignIn on [ShopLTKsignUpTest passed=0 failed=0 skipped=0] Started
[INFO ] 2022-10-11 22:43:14.504 [main] Log4jManager -   
[INFO ] 2022-10-11 22:43:14.542 [main] Log4jManager - user goes to LTK home Page
[INFO ] 2022-10-11 22:43:14.542 [main] Log4jManager - Go to page:https://www.shopltk.com/
[INFO ] 2022-10-11 22:43:16.741 [main] Log4jManager - Loaded page:https://www.shopltk.com/
[INFO ] 2022-10-11 22:43:17.131 [main] Log4jManager - user click on the Login button on the LTK home page
[INFO ] 2022-10-11 22:43:17.134 [main] Log4jManager - user lands on the LTK sign up Page
[INFO ] 2022-10-11 22:43:17.135 [main] Log4jManager - Go to page:https://login.shopltk.com/login?state=hKFo2SBIOURWVDdhQ0R1eEIxMGtRZmY4VGtaSjdidy1rdmwtRaFupWxvZ2luo3RpZNkgTzY4bUgtSkJ6d1RCLUM4TWVsZHdiNVRXaVg2bFpXWDWjY2lk2SBOcGMxMEQ3M3JqdUxaak4zR3lWMlRGWnk3YVQyT0NTRw&client=Npc10D73rjuLZjN3GyV2TFZy7aT2OCSG&protocol=oauth2&prompt=login&response_type=code&access_type=&redirect_uri=https%3A%2F%2Fwww.shopltk.com%2Fauth%2Fcallback&scope=openid+profile+offline_access+openid+profile+email+ltk.consumer+offline_access&code_challenge_method=S256&screen_hint=signup&ui_locales=en-US&audience=https%3A%2F%2Fprod-consumer-api.shopltk.com%2Fv1&code_challenge=dsT3j15WQaMX403xEmY2jbBMoqCdszFmgKoRf-k277w
[INFO ] 2022-10-11 22:43:18.502 [main] Log4jManager - Loaded page:https://login.shopltk.com/login?state=hKFo2SBIOURWVDdhQ0R1eEIxMGtRZmY4VGtaSjdidy1rdmwtRaFupWxvZ2luo3RpZNkgTzY4bUgtSkJ6d1RCLUM4TWVsZHdiNVRXaVg2bFpXWDWjY2lk2SBOcGMxMEQ3M3JqdUxaak4zR3lWMlRGWnk3YVQyT0NTRw&client=Npc10D73rjuLZjN3GyV2TFZy7aT2OCSG&protocol=oauth2&prompt=login&response_type=code&access_type=&redirect_uri=https%3A%2F%2Fwww.shopltk.com%2Fauth%2Fcallback&scope=openid+profile+offline_access+openid+profile+email+ltk.consumer+offline_access&code_challenge_method=S256&screen_hint=signup&ui_locales=en-US&audience=https%3A%2F%2Fprod-consumer-api.shopltk.com%2Fv1&code_challenge=dsT3j15WQaMX403xEmY2jbBMoqCdszFmgKoRf-k277w
[INFO ] 2022-10-11 22:43:20.796 [main] Log4jManager - user is entering an email to sign up
[INFO ] 2022-10-11 22:43:20.799 [main] Log4jManager - user lands on the LTK password  Page
[INFO ] 2022-10-11 22:43:23.612 [main] Log4jManager - user is entering a password and clicking the Sign Up to Beging Shopping button to finish signing up
[INFO ] 2022-10-11 22:43:23.626 [main] Log4jManager - user signs up successfully and direct to a blank Page
[INFO ] 2022-10-11 22:43:23.627 [main] Log4jManager - user signs up successfully and direct to a blank Page
[INFO ] 2022-10-11 22:43:26.634 [main] Log4jManager - Test Case: TestCase_001_CoSignIn on [ShopLTKsignUpTest passed=0 failed=0 skipped=0] Passed
[INFO ] 2022-10-11 22:45:53.430 [main] Log4jManager - Successfully Initiated Chrome Driver
[INFO ] 2022-10-11 22:45:53.440 [main] Log4jManager - 	**************************************************************************
[INFO ] 2022-10-11 22:45:53.441 [main] Log4jManager - Test Case: TestCase_001_CoSignIn on [ShopLTKsignUpTest passed=0 failed=0 skipped=0] Started
[INFO ] 2022-10-11 22:45:53.441 [main] Log4jManager -   
[INFO ] 2022-10-11 22:45:53.474 [main] Log4jManager - user goes to LTK home Page
[INFO ] 2022-10-11 22:45:53.474 [main] Log4jManager - Go to page:https://www.shopltk.com/
[INFO ] 2022-10-11 22:45:56.700 [main] Log4jManager - Loaded page:https://www.shopltk.com/
[INFO ] 2022-10-11 22:45:56.886 [main] Log4jManager - user click on the Signup button on the LTK home page
[INFO ] 2022-10-11 22:45:56.890 [main] Log4jManager - user lands on the LTK sign up Page
[INFO ] 2022-10-11 22:45:56.890 [main] Log4jManager - Go to page:https://login.shopltk.com/login?state=hKFo2SBIOURWVDdhQ0R1eEIxMGtRZmY4VGtaSjdidy1rdmwtRaFupWxvZ2luo3RpZNkgTzY4bUgtSkJ6d1RCLUM4TWVsZHdiNVRXaVg2bFpXWDWjY2lk2SBOcGMxMEQ3M3JqdUxaak4zR3lWMlRGWnk3YVQyT0NTRw&client=Npc10D73rjuLZjN3GyV2TFZy7aT2OCSG&protocol=oauth2&prompt=login&response_type=code&access_type=&redirect_uri=https%3A%2F%2Fwww.shopltk.com%2Fauth%2Fcallback&scope=openid+profile+offline_access+openid+profile+email+ltk.consumer+offline_access&code_challenge_method=S256&screen_hint=signup&ui_locales=en-US&audience=https%3A%2F%2Fprod-consumer-api.shopltk.com%2Fv1&code_challenge=dsT3j15WQaMX403xEmY2jbBMoqCdszFmgKoRf-k277w
[INFO ] 2022-10-11 22:45:58.132 [main] Log4jManager - Loaded page:https://login.shopltk.com/login?state=hKFo2SBIOURWVDdhQ0R1eEIxMGtRZmY4VGtaSjdidy1rdmwtRaFupWxvZ2luo3RpZNkgTzY4bUgtSkJ6d1RCLUM4TWVsZHdiNVRXaVg2bFpXWDWjY2lk2SBOcGMxMEQ3M3JqdUxaak4zR3lWMlRGWnk3YVQyT0NTRw&client=Npc10D73rjuLZjN3GyV2TFZy7aT2OCSG&protocol=oauth2&prompt=login&response_type=code&access_type=&redirect_uri=https%3A%2F%2Fwww.shopltk.com%2Fauth%2Fcallback&scope=openid+profile+offline_access+openid+profile+email+ltk.consumer+offline_access&code_challenge_method=S256&screen_hint=signup&ui_locales=en-US&audience=https%3A%2F%2Fprod-consumer-api.shopltk.com%2Fv1&code_challenge=dsT3j15WQaMX403xEmY2jbBMoqCdszFmgKoRf-k277w
[INFO ] 2022-10-11 22:46:00.416 [main] Log4jManager - user is entering an email to sign up
[INFO ] 2022-10-11 22:46:00.417 [main] Log4jManager - user lands on the LTK password  Page
[INFO ] 2022-10-11 22:46:03.246 [main] Log4jManager - user is entering a password and clicking the Sign Up to Beging Shopping button to finish signing up
[INFO ] 2022-10-11 22:46:03.262 [main] Log4jManager - user signs up successfully and direct to a blank Page
[INFO ] 2022-10-11 22:46:03.262 [main] Log4jManager - user signs up successfully and direct to a blank Page
[INFO ] 2022-10-11 22:46:06.274 [main] Log4jManager - Test Case: TestCase_001_CoSignIn on [ShopLTKsignUpTest passed=0 failed=0 skipped=0] Passed
[INFO ] 2022-10-11 22:56:01.786 [main] Log4jManager - Successfully Initiated Chrome Driver
[INFO ] 2022-10-11 22:56:01.797 [main] Log4jManager - 	**************************************************************************
[INFO ] 2022-10-11 22:56:01.798 [main] Log4jManager - Test Case: TestCase_001_CoSignIn on [ShopLTKsignUpTest passed=0 failed=0 skipped=0] Started
[INFO ] 2022-10-11 22:56:01.798 [main] Log4jManager -   
[INFO ] 2022-10-11 22:56:01.834 [main] Log4jManager - user goes to LTK home Page
[INFO ] 2022-10-11 22:56:01.834 [main] Log4jManager - Go to page:https://www.shopltk.com/
[INFO ] 2022-10-11 22:56:03.892 [main] Log4jManager - Loaded page:https://www.shopltk.com/
[INFO ] 2022-10-11 22:56:04.189 [main] Log4jManager - user click on the Signup button on the LTK home page
[INFO ] 2022-10-11 22:56:04.191 [main] Log4jManager - user lands on the LTK sign up Page
[INFO ] 2022-10-11 22:56:04.191 [main] Log4jManager - Go to page:https://login.shopltk.com/login?state=hKFo2SBIOURWVDdhQ0R1eEIxMGtRZmY4VGtaSjdidy1rdmwtRaFupWxvZ2luo3RpZNkgTzY4bUgtSkJ6d1RCLUM4TWVsZHdiNVRXaVg2bFpXWDWjY2lk2SBOcGMxMEQ3M3JqdUxaak4zR3lWMlRGWnk3YVQyT0NTRw&client=Npc10D73rjuLZjN3GyV2TFZy7aT2OCSG&protocol=oauth2&prompt=login&response_type=code&access_type=&redirect_uri=https%3A%2F%2Fwww.shopltk.com%2Fauth%2Fcallback&scope=openid+profile+offline_access+openid+profile+email+ltk.consumer+offline_access&code_challenge_method=S256&screen_hint=signup&ui_locales=en-US&audience=https%3A%2F%2Fprod-consumer-api.shopltk.com%2Fv1&code_challenge=dsT3j15WQaMX403xEmY2jbBMoqCdszFmgKoRf-k277w
[INFO ] 2022-10-11 22:56:05.319 [main] Log4jManager - Loaded page:https://login.shopltk.com/login?state=hKFo2SBIOURWVDdhQ0R1eEIxMGtRZmY4VGtaSjdidy1rdmwtRaFupWxvZ2luo3RpZNkgTzY4bUgtSkJ6d1RCLUM4TWVsZHdiNVRXaVg2bFpXWDWjY2lk2SBOcGMxMEQ3M3JqdUxaak4zR3lWMlRGWnk3YVQyT0NTRw&client=Npc10D73rjuLZjN3GyV2TFZy7aT2OCSG&protocol=oauth2&prompt=login&response_type=code&access_type=&redirect_uri=https%3A%2F%2Fwww.shopltk.com%2Fauth%2Fcallback&scope=openid+profile+offline_access+openid+profile+email+ltk.consumer+offline_access&code_challenge_method=S256&screen_hint=signup&ui_locales=en-US&audience=https%3A%2F%2Fprod-consumer-api.shopltk.com%2Fv1&code_challenge=dsT3j15WQaMX403xEmY2jbBMoqCdszFmgKoRf-k277w
[INFO ] 2022-10-11 22:56:07.613 [main] Log4jManager - user is entering an email to sign up
[INFO ] 2022-10-11 22:56:07.615 [main] Log4jManager - user lands on the LTK password  Page
[INFO ] 2022-10-11 22:56:10.423 [main] Log4jManager - user is entering a password and clicking the Sign Up to Beging Shopping button to finish signing up
[INFO ] 2022-10-11 22:56:10.437 [main] Log4jManager - user signs up successfully and direct to a blank Page
[INFO ] 2022-10-11 22:56:10.437 [main] Log4jManager - user signs up successfully and direct to a blank Page
[INFO ] 2022-10-11 22:56:13.445 [main] Log4jManager - Test Case: TestCase_001_CoSignIn on [ShopLTKsignUpTest passed=0 failed=0 skipped=0] Passed
